C51 COMPILER V9.57.0.0   LED_BBLINKKK                                                      04/14/2018 12:34:11 PAGE 1   


C51 COMPILER V9.57.0.0, COMPILATION OF MODULE LED_BBLINKKK
OBJECT MODULE PLACED IN .\Objects\led_bblinkkk.obj
COMPILER INVOKED BY: C:\Keil_v5\C51\BIN\C51.EXE led_bblinkkk.c OPTIMIZE(8,SPEED) BROWSE DEBUG OBJECTEXTEND PRINT(.\Listi
                    -ngs\led_bblinkkk.lst) TABS(2) OBJECT(.\Objects\led_bblinkkk.obj)

line level    source

   1          #include<reg51.h>
   2          
   3          
   4          void delay(unsigned int t){
   5   1        unsigned int i,j;
   6   1        for(i=0;i<t;i++)
   7   1        for(j=0;j<1575;j++);
   8   1      }
   9          
  10          void main(){
  11   1        P2=0x00;
  12   1        while(1){
  13   2          P2=0x00;
  14   2          delay(100);
  15   2          P2=0xFF;
  16   2          delay(100);
  17   2        }
  18   1      }


MODULE INFORMATION:   STATIC OVERLAYABLE
   CODE SIZE        =     52    ----
   CONSTANT SIZE    =   ----    ----
   XDATA SIZE       =   ----    ----
   PDATA SIZE       =   ----    ----
   DATA SIZE        =   ----    ----
   IDATA SIZE       =   ----    ----
   BIT SIZE         =   ----    ----
END OF MODULE INFORMATION.


C51 COMPILATION COMPLETE.  0 WARNING(S),  0 ERROR(S)
