C51 COMPILER V9.56.0.0   INTERRUPT                                                         04/05/2018 23:46:35 PAGE 1   


C51 COMPILER V9.56.0.0, COMPILATION OF MODULE INTERRUPT
OBJECT MODULE PLACED IN .\Objects\interrupt.obj
COMPILER INVOKED BY: C:\Keil_v5\C51\BIN\C51.EXE interrupt.c OPTIMIZE(8,SPEED) BROWSE DEBUG OBJECTEXTEND PRINT(.\Listings
                    -\interrupt.lst) TABS(2) OBJECT(.\Objects\interrupt.obj)

line level    source

   1          #include <reg51.h>
   2          
   3          sbit buzz=P1^1;
   4          
   5          void delay( unsigned char time){
   6   1        unsigned int i,j;
   7   1        for(i=0;i<time;i++)
   8   1        for(j=0;j<1575;j++);
   9   1      }
  10          
  11          unsigned char ex0_isr_counter = 0;
  12          
  13          void buzzer (void) interrupt 0
  14          {
  15   1      buzz =0;
  16   1      delay(100);
  17   1      buzz=1;   
  18   1      }
  19          
  20          
  21          void main (void)
  22          {
  23   1      P0=0xFF;
  24   1      /*-----------------------------------------------
  25   1      Configure INT0 (external interrupt 0) to generate
  26   1      an interrupt on the falling-edge of /INT0 (P3.2).
  27   1      Enable the EX0 interrupt and then enable the
  28   1      global interrupt flag.
  29   1      -----------------------------------------------*/
  30   1        
  31   1        
  32   1      IT0 = 0;   // Configure interrupt 0 for falling edge on /INT0 (P3.2)
  33   1      EX0 = 1;   // Enable EX0 Interrupt
  34   1      EA = 1;    // Enable Global Interrupt Flag
  35   1      
  36   1      
  37   1      while (1); 
  38   1      }


MODULE INFORMATION:   STATIC OVERLAYABLE
   CODE SIZE        =     87    ----
   CONSTANT SIZE    =   ----    ----
   XDATA SIZE       =   ----    ----
   PDATA SIZE       =   ----    ----
   DATA SIZE        =      1    ----
   IDATA SIZE       =   ----    ----
   BIT SIZE         =   ----    ----
END OF MODULE INFORMATION.


C51 COMPILATION COMPLETE.  0 WARNING(S),  0 ERROR(S)
