C51 COMPILER V9.57.0.0   JHBCAJBCJI                                                        03/30/2018 03:16:11 PAGE 1   


C51 COMPILER V9.57.0.0, COMPILATION OF MODULE JHBCAJBCJI
OBJECT MODULE PLACED IN .\Objects\jhbcajbcji.obj
COMPILER INVOKED BY: C:\Keil_v5\C51\BIN\C51.EXE proj\jhbcajbcji.c OPTIMIZE(8,SPEED) BROWSE DEBUG OBJECTEXTEND PRINT(.\Li
                    -stings\jhbcajbcji.lst) TABS(2) OBJECT(.\Objects\jhbcajbcji.obj)

line level    source

   1          #include<reg51.h>
   2          #include<stdio.h>
   3          #include<string.h>
   4          sbit rs = P3^7; sbit rw = P3^6;  sbit en = P3^5;
   5          
   6          void delay(unsigned int z)
   7          {
   8   1        unsigned int p,q;
   9   1        for(p=0;p<z;p++)    
  10   1        for(q=0;q<1375;q++);   
  11   1      }
  12          
  13          void lcd_cmd(unsigned char a){
  14   1        P2 = a;
  15   1        rs = 0;
  16   1        rw = 0;
  17   1        en = 1;
  18   1        delay(1);
  19   1        en=0;
  20   1      }
  21          void lcd_ini(){
  22   1        lcd_cmd(0x38);
  23   1        lcd_cmd(0x01);
  24   1        lcd_cmd(0x06);
  25   1        lcd_cmd(0x0C);
  26   1        lcd_cmd(0x80);
  27   1      } 
  28          int i;
  29          
  30          void lcd_data(unsigned char a){
  31   1        
  32   1        P2=a;
  33   1        rs=1;
  34   1        rw=0;
  35   1        en=1;
  36   1        delay(1);
  37   1        en=0;
  38   1        
  39   1      }
  40          
  41          void lcd_line(unsigned char *str)
  42          {
  43   1        i=0;
  44   1        while(str[i] != '\0')
  45   1        {
  46   2          lcd_data(str[i]);
  47   2          i++;
  48   2        }
  49   1      }
  50          
  51          
  52          void lcd_array(unsigned char a[])
  53          {
  54   1        while(a[i++]!='\0'){
C51 COMPILER V9.57.0.0   JHBCAJBCJI                                                        03/30/2018 03:16:11 PAGE 2   

  55   2          lcd_data(a[i]);
  56   2        
  57   2        }
  58   1      }
  59          
  60          void main()
  61          {
  62   1        unsigned char a[][20]={"FIRST","Second","Third"};
  63   1        lcd_ini();
  64   1        lcd_data("aaaa");
*** WARNING C214 IN LINE 64 OF proj\jhbcajbcji.c: 'Argument': conversion: pointer to non-pointer
  65   1        delay(100);
  66   1        lcd_ini();
  67   1        lcd_line(a[1]);
  68   1        delay(500);
  69   1      }
  70          
  71          
  72          
  73          


MODULE INFORMATION:   STATIC OVERLAYABLE
   CODE SIZE        =    229    ----
   CONSTANT SIZE    =     65    ----
   XDATA SIZE       =   ----    ----
   PDATA SIZE       =   ----    ----
   DATA SIZE        =      2      66
   IDATA SIZE       =   ----    ----
   BIT SIZE         =   ----    ----
END OF MODULE INFORMATION.


C51 COMPILATION COMPLETE.  1 WARNING(S),  0 ERROR(S)
