C51 COMPILER V9.57.0.0   KEYPAD_INTFACING                                                  03/18/2018 16:48:11 PAGE 1   


C51 COMPILER V9.57.0.0, COMPILATION OF MODULE KEYPAD_INTFACING
OBJECT MODULE PLACED IN .\Objects\keypad intfacing.obj
COMPILER INVOKED BY: C:\Keil_v5\C51\BIN\C51.EXE keypad intfacing.c OPTIMIZE(8,SPEED) BROWSE DEBUG OBJECTEXTEND PRINT(.\L
                    -istings\keypad intfacing.lst) TABS(2) OBJECT(.\Objects\keypad intfacing.obj)

line level    source

   1          #include<reg51.h>
   2          sbit rs = P1^2; sbit rw = P1^1;  sbit en = P1^0;
   3          sbit R1 = P0^0; sbit R2= P0^1;  sbit R3 = P0^2; sbit R4 = P0^3;
   4          sbit C1 = P0^4;  sbit C2 = P0^5;  sbit C3 = P0^6;
   5          
   6          void lcd_data();
   7          void acc();
   8              
   9          unsigned char count=0;
  10          void delay(unsigned int z)
  11          {
  12   1        unsigned int p,q;
  13   1        for(p=0;p<z;p++)    
  14   1        for(q=0;q<1375;q++);   
  15   1      }
  16          
  17          void lcd_cmd(unsigned char a){
  18   1        P2 = a;
  19   1        rs = 0;
  20   1        rw = 0;
  21   1        en = 1;
  22   1        delay(1);
  23   1        en=0;
  24   1      }
  25          
  26          void lcd_data(unsigned char a){
  27   1        
  28   1        P2=a;
  29   1        rs=1;
  30   1        rw=0;
  31   1        en=1;
  32   1        delay(1);
  33   1        en=0;
  34   1        
  35   1      }
  36          
  37          void lcd_ini()    //Function to prepare the LCD  and get it ready
  38          {
  39   1          lcd_cmd(0x38);  // for using 2 lines and 5X7 matrix of LCD
  40   1          delay(10);
  41   1          lcd_cmd(0x0F);  // turn display ON, cursor blinking
  42   1          delay(10);
  43   1          lcd_cmd(0x01);  //clear screen
  44   1          delay(10);
  45   1          lcd_cmd(0x80);  // bring cursor to position 1 of line 1
  46   1          delay(10);
  47   1      }
  48          
  49          
  50          void row_find1()
  51          {
  52   1        R1=R2=R3=R4=1;
  53   1        C1=C2=C3=0;
  54   1        if(R1==0)
C51 COMPILER V9.57.0.0   KEYPAD_INTFACING                                                  03/18/2018 16:48:11 PAGE 2   

  55   1          lcd_data('1');
  56   1        else if(R2==0)
  57   1          lcd_data('4');
  58   1        else if(R3==0)
  59   1          lcd_data('7');
  60   1        else if(R4==0)
  61   1          lcd_data('*');
  62   1        count += 1;
  63   1        
  64   1      }
  65          
  66          void row_find2()
  67          {
  68   1        R1=R2=R3=R4=1;
  69   1        C1=C2=C3=0;
  70   1        if(R1==0)
  71   1          lcd_data('2');
  72   1        else if(R2==0)
  73   1          lcd_data('5');
  74   1        else if(R3==0)
  75   1          lcd_data('8');
  76   1        else if(R4==0)
  77   1          lcd_data('0');
  78   1        count +=1;
  79   1        
  80   1      }
  81          
  82          void row_find3()
  83          {
  84   1        R1=R2=R3=R4=1;
  85   1        C1=C2=C3=0;
  86   1          if(R1==0)
  87   1          lcd_data('3');
  88   1        else if(R2==0)
  89   1          lcd_data('6');
  90   1        else if(R3==0)
  91   1          lcd_data('9');
  92   1        else if(R4==0)
  93   1          acc();
  94   1        count +=1;
  95   1        
  96   1      }
  97          
  98          void acc()
  99          {
 100   1        
 101   1        unsigned char i=0;
 102   1        unsigned char b[]="Access Granted";
 103   1        lcd_ini();
 104   1        while(b[i] != '\0')
 105   1        {
 106   2          lcd_data(b[i]);
 107   2          delay(1);
 108   2          i++;
 109   2        }
 110   1        while(1);
 111   1      }
 112          
 113          void main()
 114          {
 115   1        unsigned char i=0;
 116   1        unsigned char a[]="Enter password:";
C51 COMPILER V9.57.0.0   KEYPAD_INTFACING                                                  03/18/2018 16:48:11 PAGE 3   

 117   1        P0=0xFF;
 118   1        P2=0x00;
 119   1        P1=0x00;
 120   1        lcd_ini();
 121   1        delay(30);
 122   1        i=0;
 123   1        while(a[i] != '\0')
 124   1        {
 125   2          lcd_data(a[i]);
 126   2          delay(10);
 127   2          i+=1;
 128   2        }
 129   1        lcd_cmd(0xC0);
 130   1        delay(200);
 131   1        while(1)
 132   1        {
 133   2        
 134   2        C1=C2=C3=1;
 135   2        R1=R2=R3=R4=0;
 136   2        if(C1==0){
 137   3          row_find1();
 138   3        delay(50);}
 139   2        else if(C2==0){
 140   3          row_find2();
 141   3        delay(50);}
 142   2        else if(C3==0){
 143   3          row_find3();
 144   3        delay(50);}
 145   2        if(count==16){
 146   3          lcd_cmd(0xC0);    
 147   3        }
 148   2        if(count==32){
 149   3        lcd_cmd(0x01);
 150   3        lcd_cmd(0x80);
 151   3        count=0;}
 152   2      }}  


MODULE INFORMATION:   STATIC OVERLAYABLE
   CODE SIZE        =    429    ----
   CONSTANT SIZE    =     31    ----
   XDATA SIZE       =   ----    ----
   PDATA SIZE       =   ----    ----
   DATA SIZE        =      1      32
   IDATA SIZE       =   ----    ----
   BIT SIZE         =   ----    ----
END OF MODULE INFORMATION.


C51 COMPILATION COMPLETE.  0 WARNING(S),  0 ERROR(S)
