C51 COMPILER V9.57.0.0   PIR                                                               03/18/2018 16:11:38 PAGE 1   


C51 COMPILER V9.57.0.0, COMPILATION OF MODULE PIR
OBJECT MODULE PLACED IN .\Objects\pir.obj
COMPILER INVOKED BY: C:\Keil_v5\C51\BIN\C51.EXE pir.c OPTIMIZE(8,SPEED) BROWSE DEBUG OBJECTEXTEND PRINT(.\Listings\pir.l
                    -st) TABS(2) OBJECT(.\Objects\pir.obj)

line level    source

   1          #include<reg51.h>
   2          
   3          sbit pir_out = P0^1;
   4          sbit rs = P1^0;
   5          sbit rw = P1^1;
   6          sbit en = P1^2;
   7          
   8          
   9          
  10          void delay(unsigned int z)
  11          {
  12   1        unsigned int p,q;
  13   1        for(p=0;p<z;p++)    
  14   1        for(q=0;q<1375;q++);   
  15   1      }
  16          
  17          void lcd_cmd(unsigned char a){
  18   1        P2 = a;
  19   1        rs = 0;
  20   1        rw = 0;
  21   1        en = 1;
  22   1        delay(1);
  23   1        en=0;
  24   1      }
  25          
  26          void lcd_data(unsigned char a){
  27   1        
  28   1        P2=a;
  29   1        rs=1;
  30   1        rw=0;
  31   1        en=1;
  32   1        delay(1);
  33   1        en=0;
  34   1        
  35   1      }
  36          
  37          void A30_sec_counter()
  38          {
  39   1        unsigned char i,j,a[3]={0x30,0x31,0x32};
  40   1        unsigned char b[10]={0x30,0x31,0x32,0x33,0x34,0x35,0x36,0x37,0x38,0x39};
  41   1        lcd_cmd(0xC0);
  42   1        for(i=2;i>=0;i--)
  43   1        {
  44   2          
  45   2          lcd_data(a[i]);
  46   2          for(j=9;j>=0;j--)
  47   2          {
  48   3            lcd_data(b[j]);
  49   3            delay(99);
  50   3            lcd_cmd(0x10);
  51   3            if(j==0)
  52   3              break;
  53   3          }
  54   2          lcd_cmd(0xC0);
C51 COMPILER V9.57.0.0   PIR                                                               03/18/2018 16:11:38 PAGE 2   

  55   2          if(i==0)
  56   2            break;
  57   2        
  58   2        }
  59   1        
  60   1      }
  61          
  62          void lcd_line(int *ptr)
  63          {
  64   1        unsigned char i=0;
  65   1        while( ptr[i] != '\0')
  66   1        {
  67   2          lcd_data(ptr[i]);
  68   2          delay(10);
  69   2        }
  70   1      }
  71          
  72          
  73          
  74          void lcd_ini(){
  75   1        lcd_cmd(0x38);
  76   1        lcd_cmd(0x01);
  77   1        lcd_cmd(0x06);
  78   1        lcd_cmd(0x0C);
  79   1        lcd_cmd(0x80);
  80   1      }
  81          
  82          
  83            
  84          int main(){
  85   1        unsigned char prv_state = 0;
  86   1        unsigned char b[] = "People entered: ", h[] = "Stabling PIR:",c[]="MAX amount 10",d[]="Close the door";
  87   1        unsigned char i=0,a=1;
  88   1        P0=0x00;
  89   1        P2=0xFF;
  90   1        P1=0xFF;
  91   1        lcd_ini();
  92   1        i=0;
  93   1        while( h[i] != '\0')
  94   1        {
  95   2          lcd_data(h[i]);
  96   2          i++;
  97   2        }
  98   1        A30_sec_counter();
  99   1        lcd_ini();
 100   1        i=0;
 101   1        while( b[i] != '\0')
 102   1        {
 103   2          lcd_data(b[i]);
 104   2          i++;
 105   2        }
 106   1        lcd_cmd(0xC0);
 107   1        lcd_data(0x30);
 108   1        while(1)
 109   1        {
 110   2          unsigned char count[]={0x31,0x32,0x33,0x34,0x35,0x36,0x37,0x38,0x39};
 111   2            if( pir_out==1 && prv_state==0)
 112   2            {
 113   3                          if(a>=9){
 114   4                            lcd_ini();
 115   4                            i=0;
 116   4                            while( c[i] != '\0')
C51 COMPILER V9.57.0.0   PIR                                                               03/18/2018 16:11:38 PAGE 3   

 117   4                            {
 118   5                              lcd_data(c[i]);
 119   5                              i++;
 120   5                            }
 121   4                            lcd_cmd(0xC0);
 122   4                            i=0;
 123   4                            while( d[i] != '\0')
 124   4                            {
 125   5                              lcd_data(d[i]);
 126   5                              i++;
 127   5                            }
 128   4                            while(1);
 129   4                            }
 130   3              lcd_cmd(0xC0);
 131   3              lcd_data(count[a]);
 132   3              a++;
 133   3              
 134   3            }
 135   2            if (pir_out == 0)
 136   2            {
 137   3              prv_state=0;
 138   3            }
 139   2            if( pir_out ==1)
 140   2            {
 141   3              prv_state=1;
 142   3            }
 143   2        }
 144   1      }
 145            


MODULE INFORMATION:   STATIC OVERLAYABLE
   CODE SIZE        =    498    ----
   CONSTANT SIZE    =     82    ----
   XDATA SIZE       =   ----    ----
   PDATA SIZE       =   ----    ----
   DATA SIZE        =   ----      90
   IDATA SIZE       =   ----    ----
   BIT SIZE         =   ----    ----
END OF MODULE INFORMATION.


C51 COMPILATION COMPLETE.  0 WARNING(S),  0 ERROR(S)
