C51 COMPILER V9.57.0.0   PROJ                                                              04/11/2018 15:55:57 PAGE 1   


C51 COMPILER V9.57.0.0, COMPILATION OF MODULE PROJ
OBJECT MODULE PLACED IN .\Objects\proj.obj
COMPILER INVOKED BY: C:\Keil_v5\C51\BIN\C51.EXE proj.c OPTIMIZE(8,SPEED) BROWSE DEBUG OBJECTEXTEND PRINT(.\Listings\proj
                    -.lst) TABS(2) OBJECT(.\Objects\proj.obj)

line level    source

   1          #include<reg51.h>
   2          #include<stdio.h>
   3          #include<string.h>
   4            unsigned char ar=0;
   5             unsigned char snames[][20]={"DEVESAN JI","SUNNY ANAND","BEERA BHAI"};
   6             unsigned int srolls[]={43,44,47,43,44,45,46,47,48,49,50,51,52};
   7             unsigned int spins[]={2770,5894,5748,5135};
   8            unsigned char ch,k=0,r=0,y=0,ox=0;
   9            int a,b;
  10            unsigned int epin=0;
  11            unsigned int pres[];
  12          //sbit w  = P3^5; sbit d  = P3^4;
  13            sbit buzz = P3^4;
  14          sbit rs = P3^7; sbit rw = P3^6;  sbit en = P3^5;
  15          sbit R1 = P1^0; sbit R2= P1^1;  sbit R3 = P1^2; sbit R4 = P1^3;
  16          sbit C1 = P1^4;  sbit C2 = P1^5;  sbit C3 = P1^6;
  17          void show_pres();
  18          void lcd_array(unsigned char);
  19          void show_abs();
  20          void lcd_data(unsigned char a);
  21          void lcd_cmd(unsigned char a);
  22          void get_roll();
  23          void main();
  24          //void lcd_line(unsigned char);
  25          void lcd_ini();
  26          void row_find1();
  27          void delay(unsigned int z);
  28          void row_find2();
  29          void row_find3();
  30          
  31          void buzzer (void) interrupt 0
  32          {
  33   1        unsigned char y=5;
  34   1        if(ar==1)
  35   1          return;
  36   1        P0=99;
  37   1        while(y>1){
  38   2          buzz =0;
  39   2          delay(40);
  40   2          buzz=1;
  41   2          delay(40);
  42   2          y--;
  43   2        }   
  44   1      }
  45          
  46          void lcd_line(unsigned char *str)
  47          {
  48   1        unsigned char i;
  49   1        i=0;
  50   1        while(str[i] != '\0')
  51   1        {
  52   2          lcd_data(str[i]);
  53   2          i++;
  54   2        }
C51 COMPILER V9.57.0.0   PROJ                                                              04/11/2018 15:55:57 PAGE 2   

  55   1      }
  56          
  57          /*void lcd_array(unsigned int *a)
  58          {
  59            unsigned char i=0;
  60            while(a[i]!='\0'){
  61              lcd_data(a[i]);
  62              i++;
  63            }
  64          }*/
  65          
  66          
  67          /*struct student{
  68             char name[25];
  69             unsigned char rn;
  70             int pin;
  71          };*/
  72          
  73          void show_abs(){
  74   1        lcd_ini();
  75   1        lcd_line("ABSENTEES ARE");
  76   1        delay(200);
  77   1      /*  for(a=0;snames[a]!='\0';a++){
  78   1          for(b=0;pres[b]!='\0';b++){
  79   1            if(srolls[a]==pres[b])
  80   1            {
  81   1              lcd_ini();
  82   1              lcd_line(snames[a]);
  83   1              delay(200);
  84   1              break;
  85   1            }
  86   1          }
  87   1        }*/
  88   1      }
  89                
  90          
  91          void show_pres(){
  92   1        lcd_ini();
  93   1        lcd_line("PRESENTEES ARE");
  94   1        delay(200);
  95   1      /*  for(a=0;pres[a]!='\0';a++){
  96   1          for(b=0;srolls[b]!='\0';b++){
  97   1            if(pres[a]==srolls[b]){
  98   1              lcd_ini();
  99   1              lcd_line(snames[a]);
 100   1              break;
 101   1            }
 102   1          }
 103   1        }*/
 104   1      }
 105          
 106          void get_snum(){
 107   1        while(epin<=0){
 108   2        C1=C2=C3=1;
 109   2        R1=R2=R3=R4=0;
 110   2        if(C1==0){
 111   3          row_find1();
 112   3        delay(50);}
 113   2        else if(C2==0){
 114   3          row_find2();
 115   3        delay(50);}
 116   2        else if(C3==0){
C51 COMPILER V9.57.0.0   PROJ                                                              04/11/2018 15:55:57 PAGE 3   

 117   3        row_find3();
 118   3        delay(50);}
 119   2      }
 120   1      }
 121          
 122          
 123          
 124          void delay(unsigned int z)
 125          {
 126   1        unsigned int p,q;
 127   1        for(p=0;p<z;p++)    
 128   1        for(q=0;q<1375;q++);   
 129   1      }
 130          
 131          void lcd_cmd(unsigned char a){
 132   1        P2 = a;
 133   1        rs = 0;
 134   1        rw = 0;
 135   1        en = 1;
 136   1        delay(1);
 137   1        en=0;
 138   1      }
 139          
 140          void lcd_data(unsigned char a){
 141   1        
 142   1        P2=a;
 143   1        rs=1;
 144   1        rw=0;
 145   1        en=1;
 146   1        delay(1);
 147   1        en=0;
 148   1        
 149   1      }
 150          
 151          
 152          
 153          void show_att(){
 154   1        lcd_ini();
 155   1        lcd_line("  C H O O S E");
 156   1        delay(100);
 157   1        X:
 158   1        lcd_ini();
 159   1        lcd_line("1) VIEW PRESENTEES");
 160   1        lcd_cmd(0xC0);
 161   1        lcd_line("2) VIEW ABSENTEES");
 162   1        epin=0;
 163   1        get_snum();
 164   1        switch(epin){
 165   2          case 9:
 166   2            main();
 167   2          case 1: 
 168   2            lcd_ini();
 169   2            show_pres();
 170   2            break;
 171   2          case 2:
 172   2            lcd_ini();
 173   2            show_abs();
 174   2            break;
 175   2          default:
 176   2            lcd_ini();
 177   2            lcd_line("Wrong choice");
 178   2            lcd_cmd(0xC0);
C51 COMPILER V9.57.0.0   PROJ                                                              04/11/2018 15:55:57 PAGE 4   

 179   2            lcd_line("Try again");
 180   2            delay(150);
 181   2            lcd_ini();
 182   2            lcd_line("PRESS \"0\" FOR");
 183   2            lcd_cmd(0xC0);
 184   2            lcd_line("MARKING ATENDENS");
 185   2            delay(200);
 186   2            goto X;
 187   2        }
 188   1      }
 189          
 190          void get_roll(){
 191   1        while(epin<999){
 192   2        C1=C2=C3=1;
 193   2        R1=R2=R3=R4=0;
 194   2        if(C1==0){
 195   3          row_find1();
 196   3        delay(50);}
 197   2        else if(C2==0){
 198   3          row_find2();
 199   3        delay(50);}
 200   2        else if(C3==0){
 201   3        row_find3();
 202   3        delay(50);}
 203   2      }
 204   1      }
 205          
 206          void row_find1()
 207          {
 208   1        R1=R2=R3=R4=1;
 209   1        C1=C2=C3=0;
 210   1        if(R1==0){
 211   2          lcd_data('1');
 212   2          epin=epin*10 + 1;}
 213   1        else if(R2==0){
 214   2          lcd_data('4');
 215   2          epin=epin*10 + 4;}
 216   1        else if(R3==0){
 217   2          lcd_data('7');
 218   2          epin=epin*10 + 7;}
 219   1        else if(R4==0){
 220   2          lcd_data('*');
 221   2          show_att();
 222   2          
 223   2        }
 224   1        
 225   1      }
 226          
 227          void row_find2()
 228          {
 229   1        R1=R2=R3=R4=1;
 230   1        C1=C2=C3=0;
 231   1        if(R1==0){
 232   2          lcd_data('2');
 233   2          epin=epin*10 + 2;}
 234   1        else if(R2==0){
 235   2          lcd_data('5');
 236   2          epin=epin*10 + 5;}
 237   1        else if(R3==0){
 238   2          lcd_data('8');
 239   2          epin=epin*10 + 8;}
 240   1        else if(R4==0){
C51 COMPILER V9.57.0.0   PROJ                                                              04/11/2018 15:55:57 PAGE 5   

 241   2          lcd_data('0');
 242   2          epin=epin*10 + 0;}
 243   1        
 244   1      }
 245          
 246          
 247          
 248          
 249          
 250          void row_find3(){
 251   1        R1=R2=R3=R4=1;
 252   1        C1=C2=C3=0;
 253   1        if(R1==0){
 254   2          lcd_data('3');
 255   2          epin=epin*10 + 3;}
 256   1        else if(R2==0){
 257   2          lcd_data('6');
 258   2          epin=epin*10 + 6;}
 259   1        else if(R3==0){
 260   2          lcd_data('9');
 261   2          epin=epin*10 + 9;}
 262   1        else if(R4==0)
 263   1          return;
 264   1          
 265   1      }
 266          
 267          void forgot_pass(){
 268   1        lcd_ini();
 269   1        lcd_line("FORGOT PASSWORD ?");
 270   1        lcd_cmd(0xC0);
 271   1        delay(40);
 272   1        lcd_line("Do not worry");
 273   1        lcd_ini();
 274   1        delay(200);
 275   1        lcd_line("BEERA is with");
 276   1        lcd_cmd(0xC0);
 277   1        lcd_line("you");
 278   1        delay(200);
 279   1        lcd_ini();
 280   1        lcd_line("Boys, call Now");
 281   1        delay(200);
 282   1        lcd_ini();
 283   1        lcd_line("BEERA:8919937557");
 284   1        lcd_cmd(0xC0);
 285   1        lcd_line("*GIRLS DONT CALL");
 286   1        delay(500);
 287   1        ox=1;
 288   1        main();
 289   1      }
 290            
 291          
 292          void lcd_ini(){
 293   1        lcd_cmd(0x38);
 294   1        lcd_cmd(0x01);
 295   1        lcd_cmd(0x06);
 296   1        lcd_cmd(0x0C);
 297   1        lcd_cmd(0x80);
 298   1      } 
 299          
 300          void main(void){
 301   1        
 302   1        unsigned char o;
C51 COMPILER V9.57.0.0   PROJ                                                              04/11/2018 15:55:57 PAGE 6   

 303   1        IT0 = 1;   // Configure interrupt 0 for falling edge on /INT0 (P3.2)
 304   1        EX0 = 1;   // Enable EX0 Interrupt
 305   1        EA = 1;    // Enable Global Interrupt Flag
 306   1        P0=0x00;
 307   1        P2=0x00;
 308   1        P1=0xFF;
 309   1        if(ox==1)
 310   1        {goto A;}
 311   1        buzz=1;
 312   1        lcd_ini();
 313   1      //  w=d=0;
 314   1        lcd_ini();
 315   1        lcd_line("    NAMASTHE   ");
 316   1        delay(400);
 317   1        lcd_ini();
 318   1        lcd_line("PLEASE WAIT");
 319   1        delay(300);
 320   1        lcd_ini();
 321   1        lcd_line("POWERING UP");
 322   1        lcd_cmd(0xC0);
 323   1        lcd_line("ATTENDENS SYSTEM");
 324   1        delay(300);
 325   1        lcd_ini();
 326   1        lcd_line("WELCOME");
 327   1        delay(200);
 328   1        lcd_ini();
 329   1        lcd_line("SECTION: E1602");
 330   1        lcd_cmd(0xC0);
 331   1        lcd_line("GROUP: 2");
 332   1        delay(300);
 333   1        lcd_ini();
 334   1        lcd_line("ENTER YOUR");
 335   1        lcd_cmd(0xC0);
 336   1        lcd_line("PIN NUMBER");
 337   1        delay(200);
 338   1        lcd_ini();
 339   1        lcd_line("PRESS \"#\" when");
 340   1        lcd_cmd(0xC0);
 341   1        lcd_line("DONE");
 342   1        delay(300);
 343   1        lcd_ini();
 344   1        lcd_line("PRESS \"*\" to");
 345   1        lcd_cmd(0xC0);
 346   1        lcd_line("VIEW RECORDS");
 347   1        delay(200);
 348   1        A:
 349   1        ar=0;
 350   1        k=0;
 351   1        epin=0;
 352   1        lcd_ini();
 353   1        lcd_line("PIN NUMBER:");
 354   1        lcd_cmd(0xC0);
 355   1        get_roll();
 356   1        lcd_ini();
 357   1        if(epin==1111){
 358   2          forgot_pass();
 359   2          goto A;
 360   2        }
 361   1        for(o=0;o<3;o++){
 362   2          if(epin==spins[o])
 363   2          {
 364   3            ar=1;
C51 COMPILER V9.57.0.0   PROJ                                                              04/11/2018 15:55:57 PAGE 7   

 365   3            P0=srolls[o];
 366   3            lcd_ini();
 367   3            lcd_line("WELCOME");
 368   3            lcd_cmd(0xC0);
 369   3            lcd_line(snames[o]);
 370   3            buzz=0;
 371   3            
 372   3            
 373   3            delay(200);
 374   3            delay(3);
 375   3      //      w=1;
 376   3            
 377   3      //      w=0;
 378   3            lcd_ini();
 379   3            lcd_line("Pleaz wait until");
 380   3            lcd_cmd(0xC0);
 381   3            lcd_line("atendens uploads");
 382   3            buzz=1;
 383   3      //      pres[r++]=srolls[o];
 384   3            delay(400);
 385   3      //      goto A;
 386   3      //      while(d==0);
 387   3            k=60;
 388   3            lcd_ini();
 389   3            lcd_line("DONE");
 390   3            lcd_cmd(0xC0);
 391   3            lcd_line("NEXT PLEASE");
 392   3            delay(100);
 393   3            goto A;
 394   3            }}
 395   1          if(k!=60){
 396   2            lcd_ini();
 397   2            lcd_line("NUMEBR NOT FOUND");
 398   2            lcd_cmd(0xC0);
 399   2            lcd_line("TRY AGAIN");
 400   2            delay(200);
 401   2            goto A;}
 402   1      } 


MODULE INFORMATION:   STATIC OVERLAYABLE
   CODE SIZE        =   1424    ----
   CONSTANT SIZE    =    474    ----
   XDATA SIZE       =   ----    ----
   PDATA SIZE       =   ----    ----
   DATA SIZE        =    106       6
   IDATA SIZE       =   ----    ----
   BIT SIZE         =   ----    ----
END OF MODULE INFORMATION.


C51 COMPILATION COMPLETE.  0 WARNING(S),  0 ERROR(S)
