C51 COMPILER V9.57.0.0   S                                                                 03/22/2018 01:25:30 PAGE 1   


C51 COMPILER V9.57.0.0, COMPILATION OF MODULE S
OBJECT MODULE PLACED IN .\Objects\s.obj
COMPILER INVOKED BY: C:\Keil_v5\C51\BIN\C51.EXE s.c OPTIMIZE(8,SPEED) BROWSE DEBUG OBJECTEXTEND PRINT(.\Listings\s.lst) 
                    -TABS(2) OBJECT(.\Objects\s.obj)

line level    source

   1          #include<reg51.h>
   2          sbit a= P2^0;
   3          void delay();
   4          void main()
   5          {
   6   1        P2=0xFF;
   7   1        while(1)
   8   1        {
   9   2          a=0;
  10   2          delay();
  11   2          a=1;
  12   2          delay();
  13   2        }
  14   1      }
  15          
  16          void delay()
  17          {
  18   1        unsigned char i,j;
  19   1        for(i=0;i<10;i++)
  20   1        for(j=0;j<100;j++);
  21   1      }


MODULE INFORMATION:   STATIC OVERLAYABLE
   CODE SIZE        =     28    ----
   CONSTANT SIZE    =   ----    ----
   XDATA SIZE       =   ----    ----
   PDATA SIZE       =   ----    ----
   DATA SIZE        =   ----    ----
   IDATA SIZE       =   ----    ----
   BIT SIZE         =   ----    ----
END OF MODULE INFORMATION.


C51 COMPILATION COMPLETE.  0 WARNING(S),  0 ERROR(S)
