C51 COMPILER V9.57.0.0   SENDDD                                                            02/26/2018 12:33:46 PAGE 1   


C51 COMPILER V9.57.0.0, COMPILATION OF MODULE SENDDD
OBJECT MODULE PLACED IN .\Objects\senddd.obj
COMPILER INVOKED BY: C:\Keil_v5\C51\BIN\C51.EXE senddd.c OPTIMIZE(8,SPEED) BROWSE DEBUG OBJECTEXTEND PRINT(.\Listings\se
                    -nddd.lst) TABS(2) OBJECT(.\Objects\senddd.obj)

line level    source

   1          #include<reg51.h>
   2          void delay(unsigned int time){
   3   1        unsigned i,j;
   4   1        for(i=0;i<time;i++)
   5   1        for(j+0;j<1275;j++);
   6   1      }
   7          unsigned char mybyte;
   8          void main(void){
   9   1        P2=0xFF;
  10   1        delay(100);
  11   1        P1=0x55;
  12   1        mybyte=P1;
  13   1        delay(100);
  14   1        P2=mybyte;
  15   1        delay(1000);
  16   1      }


MODULE INFORMATION:   STATIC OVERLAYABLE
   CODE SIZE        =     68    ----
   CONSTANT SIZE    =   ----    ----
   XDATA SIZE       =   ----    ----
   PDATA SIZE       =   ----    ----
   DATA SIZE        =      1       2
   IDATA SIZE       =   ----    ----
   BIT SIZE         =   ----    ----
END OF MODULE INFORMATION.


C51 COMPILATION COMPLETE.  0 WARNING(S),  0 ERROR(S)
