C51 COMPILER V9.57.0.0   SENDING_CODE_TO_PORT                                              03/01/2018 20:19:40 PAGE 1   


C51 COMPILER V9.57.0.0, COMPILATION OF MODULE SENDING_CODE_TO_PORT
OBJECT MODULE PLACED IN .\Objects\sending code to port.obj
COMPILER INVOKED BY: C:\Keil_v5\C51\BIN\C51.EXE sending code to port.c OPTIMIZE(8,SPEED) BROWSE DEBUG OBJECTEXTEND PRINT
                    -(.\Listings\sending code to port.lst) TABS(2) OBJECT(.\Objects\sending code to port.obj)

line level    source

   1          #include<reg51.h>
   2          void delay(unsigned time){
   3   1        unsigned char i,z;
   4   1        for(i=0;i<time;i++)
   5   1        for(z=0;z<1275;z++);}
   6          void main(){
   7   1        A: P1=0x55;
   8   1        delay(500);
   9   1        P1=0xAA;
  10   1        delay(500);
  11   1        goto A;
  12   1      }


MODULE INFORMATION:   STATIC OVERLAYABLE
   CODE SIZE        =     46    ----
   CONSTANT SIZE    =   ----    ----
   XDATA SIZE       =   ----    ----
   PDATA SIZE       =   ----    ----
   DATA SIZE        =   ----    ----
   IDATA SIZE       =   ----    ----
   BIT SIZE         =   ----    ----
END OF MODULE INFORMATION.


C51 COMPILATION COMPLETE.  0 WARNING(S),  0 ERROR(S)
