C51 COMPILER V9.57.0.0   SEND_VALUES                                                       03/01/2018 20:19:39 PAGE 1   


C51 COMPILER V9.57.0.0, COMPILATION OF MODULE SEND_VALUES
OBJECT MODULE PLACED IN .\Objects\send values.obj
COMPILER INVOKED BY: C:\Keil_v5\C51\BIN\C51.EXE send values.c OPTIMIZE(8,SPEED) BROWSE DEBUG OBJECTEXTEND PRINT(.\Listin
                    -gs\send values.lst) TABS(2) OBJECT(.\Objects\send values.obj)

line level    source

   1          #include<reg51.h>
   2          void main(coid){
   3   1        unsigned char mynum[]={1,-1,2,-2,3,-3,4,-4};
   4   1        unsigned char z;
   5   1        for(z=0;z<=8;z++){
   6   2          P1=mynum[z];
   7   2        }
   8   1      }


MODULE INFORMATION:   STATIC OVERLAYABLE
   CODE SIZE        =     37    ----
   CONSTANT SIZE    =      8    ----
   XDATA SIZE       =   ----    ----
   PDATA SIZE       =   ----    ----
   DATA SIZE        =   ----      10
   IDATA SIZE       =   ----    ----
   BIT SIZE         =   ----    ----
END OF MODULE INFORMATION.


C51 COMPILATION COMPLETE.  0 WARNING(S),  0 ERROR(S)
