C51 COMPILER V9.57.0.0   TAKING_AND_GIVING_FROM_PORT                                       03/01/2018 20:19:41 PAGE 1   


C51 COMPILER V9.57.0.0, COMPILATION OF MODULE TAKING_AND_GIVING_FROM_PORT
OBJECT MODULE PLACED IN .\Objects\taking and giving from port.obj
COMPILER INVOKED BY: C:\Keil_v5\C51\BIN\C51.EXE taking and giving from port.c OPTIMIZE(8,SPEED) BROWSE DEBUG OBJECTEXTEN
                    -D PRINT(.\Listings\taking and giving from port.lst) TABS(2) OBJECT(.\Objects\taking and giving from port.obj)

line level    source

   1          #include<reg51.h>
   2          void delay(unsigned int time){
   3   1        unsigned i,j;
   4   1        for(i=0;i<time;i++)
   5   1        for(j+0;j<1275;j++);
   6   1      }
   7          unsigned char mybyte;
   8          void main(void){
   9   1        P1=0xFF;
  10   1        mybyte=P1;
  11   1        delay(40);
  12   1        P2=mybyte;
  13   1        delay(40);
  14   1      }


MODULE INFORMATION:   STATIC OVERLAYABLE
   CODE SIZE        =     58    ----
   CONSTANT SIZE    =   ----    ----
   XDATA SIZE       =   ----    ----
   PDATA SIZE       =   ----    ----
   DATA SIZE        =      1       2
   IDATA SIZE       =   ----    ----
   BIT SIZE         =   ----    ----
END OF MODULE INFORMATION.


C51 COMPILATION COMPLETE.  0 WARNING(S),  0 ERROR(S)
