C51 COMPILER V9.57.0.0   TIMER_L                                                           03/24/2018 12:41:21 PAGE 1   


C51 COMPILER V9.57.0.0, COMPILATION OF MODULE TIMER_L
OBJECT MODULE PLACED IN .\Objects\timer_l.obj
COMPILER INVOKED BY: C:\Keil_v5\C51\BIN\C51.EXE timer_l.c OPTIMIZE(8,SPEED) BROWSE DEBUG OBJECTEXTEND PRINT(.\Listings\t
                    -imer_l.lst) TABS(2) OBJECT(.\Objects\timer_l.obj)

line level    source

   1          #include<reg51.h>
   2          
   3          void delay(unsigned int time)                      
   4          {
   5   1          unsigned int i,j;
   6   1          for(i=0;i<time;i++)    
   7   1          for(j=0;j<1575;j++);
   8   1      }
   9          
  10          void main()
  11          {
  12   1          unsigned char a[]={0x3F,0x06,0x5B,0x4F,0x66,0x6D,0x7D,0x07,0x7F,0x67}   ;   
  13   1          int k,j;
  14   1          P0=0x00;
  15   1          while(1)
  16   1          {
  17   2            P0=~0x4F;
  18   2            P2=~0x3F;
  19   2            delay(100);
  20   2            for(j=2;j>=0;j--)
  21   2            {
  22   3              P0=~a[j];
  23   3              for(k=9;k>=0;k--)
  24   3              {
  25   4               P2=~a[k]; 
  26   4               delay(100);
  27   4              }
  28   3            }
  29   2          }
  30   1      }


MODULE INFORMATION:   STATIC OVERLAYABLE
   CODE SIZE        =    139    ----
   CONSTANT SIZE    =     10    ----
   XDATA SIZE       =   ----    ----
   PDATA SIZE       =   ----    ----
   DATA SIZE        =   ----      12
   IDATA SIZE       =   ----    ----
   BIT SIZE         =   ----    ----
END OF MODULE INFORMATION.


C51 COMPILATION COMPLETE.  0 WARNING(S),  0 ERROR(S)
