C51 COMPILER V9.57.0.0   TOOGLE_INVERT                                                     03/01/2018 20:39:38 PAGE 1   


C51 COMPILER V9.57.0.0, COMPILATION OF MODULE TOOGLE_INVERT
OBJECT MODULE PLACED IN .\Objects\toogle invert.obj
COMPILER INVOKED BY: C:\Keil_v5\C51\BIN\C51.EXE toogle invert.c OPTIMIZE(8,SPEED) BROWSE DEBUG OBJECTEXTEND PRINT(.\List
                    -ings\toogle invert.lst) TABS(2) OBJECT(.\Objects\toogle invert.obj)

line level    source

   1          #include<reg51.h>
   2          void delay(unsigned int time){
   3   1        unsigned char i,j;
   4   1        for(i=0;i<time;i++)
   5   1        for(j=0;j<1275;j++);}
   6          void main(void){
   7   1        
   8   1        P0=0x55;
   9   1        P1=0xAA;
  10   1          while(1){
  11   2            P0=~P0;
  12   2            P1=~P1;
  13   2            delay(100);
  14   2          }
  15   1      }
  16            


MODULE INFORMATION:   STATIC OVERLAYABLE
   CODE SIZE        =     49    ----
   CONSTANT SIZE    =   ----    ----
   XDATA SIZE       =   ----    ----
   PDATA SIZE       =   ----    ----
   DATA SIZE        =   ----    ----
   IDATA SIZE       =   ----    ----
   BIT SIZE         =   ----    ----
END OF MODULE INFORMATION.


C51 COMPILATION COMPLETE.  0 WARNING(S),  0 ERROR(S)
