C51 COMPILER V9.03   7_SEGMENT                                                             02/10/2014 21:02:59 PAGE 1   


C51 COMPILER V9.03, COMPILATION OF MODULE 7_SEGMENT
OBJECT MODULE PLACED IN 7_segment.OBJ
COMPILER INVOKED BY: C:\Keil\C51\BIN\C51.EXE 7_segment.c BROWSE DEBUG OBJECTEXTEND TABS(2)

line level    source

   1          #include<AT89X51.h>
   2          sbit dgt1 = P1^0;  
   3          sbit dgt2 = P1^1;
   4          sbit inc = P3^0;
   5          sbit dec = P3^1;
   6          sbit Reset = P3^2;
   7          
   8          const unsigned char siven[10]={0x3F,0x06,0x5B,0x4F,0x66,0x6D,0x7D,0x07,0x7F,0x6F};
   9          volatile unsigned int h = 0,J=0;
  10          
  11          unsigned char digits[4];
  12          void delay (unsigned int msdelay)
  13          {
  14   1        unsigned int x,y;
  15   1        for(x=0;x<msdelay;x++)
  16   1        {
  17   2          for(y=0;y<127;y++)
  18   2          {
  19   3          }
  20   2        }
  21   1      }
  22          void main (void)
  23          {
  24   1      
  25   1        TMOD=0X01;
  26   1        TH0=0XF0;
  27   1        TL0=0x00;
  28   1        TR0=1;
  29   1        EA=1;      
  30   1        ET0=1;
  31   1          P2 = 0xff;
  32   1          P1 = 0xff;
  33   1        while(1)
  34   1        {
  35   2          
  36   2      //     for(J=0;J<9999;)
  37   2      //     {
  38   2      //         J++;
  39   2      //         delay(2);
  40   2      //     }
  41   2              if(inc == 0)
  42   2              {
  43   3                  delay(150);
  44   3                  J++;
  45   3              }
  46   2              if(dec == 0 && J>0)
  47   2              { 
  48   3                  delay(150);
  49   3                  J--;
  50   3                 // if(J<=0)
  51   3                  //J = 1;
  52   3              }
  53   2              if(Reset == 0)
  54   2                J = 0;
  55   2          }
C51 COMPILER V9.03   7_SEGMENT                                                             02/10/2014 21:02:59 PAGE 2   

  56   1      }
  57          
  58          void timer0_isr () interrupt 1
  59          {
  60   1          digits[0] = (char)(J/1000);   // tenth 
  61   1          digits[1] = (char)((J%1000)/100);   // unit
  62   1          digits[2] = (char)(((J%1000)%100)/10);    
  63   1          digits[3] = (char)(((J%1000)%100)%10);  
  64   1          dgt1=0;                 // tenth off
  65   1        dgt2=0;                 // unit off
  66   1          P1 =(((1<<h)));      // h=0 tenth on h=1 unit on 
  67   1          P2 = siven[digits[h]]; // h=0 display tenth h=1 display unit
  68   1      
  69   1          if(h==3)    //if last than come to first
  70   1          h=0;
  71   1          else
  72   1          h++;        //4.44ms int
  73   1          
  74   1           
  75   1          
  76   1          TF0=0;
  77   1        TH0=0XF0;
  78   1        TL0=0x00;   
  79   1      }


MODULE INFORMATION:   STATIC OVERLAYABLE
   CODE SIZE        =    325    ----
   CONSTANT SIZE    =   ----    ----
   XDATA SIZE       =   ----    ----
   PDATA SIZE       =   ----    ----
   DATA SIZE        =     18    ----
   IDATA SIZE       =   ----    ----
   BIT SIZE         =   ----    ----
END OF MODULE INFORMATION.


C51 COMPILATION COMPLETE.  0 WARNING(S),  0 ERROR(S)
