C51 COMPILER V9.57.0.0   FINAL_H                                                           03/30/2018 03:31:51 PAGE 1   


C51 COMPILER V9.57.0.0, COMPILATION OF MODULE FINAL_H
OBJECT MODULE PLACED IN .\Objects\final_h.obj
COMPILER INVOKED BY: C:\Keil_v5\C51\BIN\C51.EXE final_h.c OPTIMIZE(8,SPEED) BROWSE DEBUG OBJECTEXTEND PRINT(.\Listings\f
                    -inal_h.lst) TABS(2) OBJECT(.\Objects\final_h.obj)

line level    source

   1          #include<reg51.h>
   2          #include<stdio.h>
   3          #include<string.h>
   4          unsigned char ch,k=0,r=0,i=0,j=0,y=0;
   5          unsigned int epin=0;
   6          unsigned int pres[];
   7            unsigned char snames[][20]={"SREERAM MARAM","BEERA BHAI","DEVESAN JI"};
   8            unsigned int srolls[]={47,48,45,41,25,54};
   9            unsigned int spins[]={2770,5894,5748,5135,4587};
  10          sbit w  = P0^7; sbit d  = P3^4;
  11          sbit rs = P3^7; sbit rw = P3^6;  sbit en = P3^5;
  12          sbit R1 = P0^0; sbit R2= P0^1;  sbit R3 = P0^2; sbit R4 = P0^3;
  13          sbit C1 = P0^4;  sbit C2 = P0^5;  sbit C3 = P0^6;
  14          void show_pres();
  15          void lcd_array(unsigned char);
  16          void show_abs();
  17          void lcd_data(unsigned char a);
  18          void lcd_cmd(unsigned char a);
  19          void get_roll();
  20          void main();
  21          void lcd_line(unsigned char);
  22          void lcd_ini();
  23          void row_find1();
  24          void delay(unsigned int z);
  25          void row_find2();
  26          void row_find3();
  27          
  28          void lcd_line(unsigned char *str)
  29          {
*** WARNING C235 IN LINE 29 OF final_h.c: parameter 1: different types
  30   1        i=0;
  31   1        while(str[i] != '\0')
  32   1        {
  33   2          lcd_data(str[i]);
  34   2          i++;
  35   2        }
  36   1      }
  37          
  38          void lcd_array(unsigned int *a)
  39          {
*** WARNING C235 IN LINE 39 OF final_h.c: parameter 1: different types
  40   1        i=0;
  41   1        while(a[i]!='\0'){
  42   2          lcd_data(a[i]);
  43   2          i++;
  44   2        }
  45   1      }
  46          
  47          
  48          struct student{
  49             char name[25];
  50             unsigned char rn;
  51             int pin;
  52          };
C51 COMPILER V9.57.0.0   FINAL_H                                                           03/30/2018 03:31:51 PAGE 2   

  53          
  54          void show_abs(){
  55   1        lcd_ini();
  56   1        lcd_line("ABSENTEES ARE");
  57   1        delay(200);
  58   1        for(i=0;snames[i]!='\0';i++){
  59   2          for(j=0;pres[j]!='\0';j++){
  60   3            if(srolls[i]==pres[j])
  61   3            {y=1;}
  62   3            if(y==1){
  63   4              y=0;
  64   4              lcd_ini();
  65   4              lcd_line(snames[i]);
  66   4              delay(200);
  67   4              break;
  68   4            }
  69   3          }
  70   2        }
  71   1      }
  72                
  73          
  74          void show_pres(){
  75   1        lcd_ini();
  76   1        lcd_line("PRESENTEES ARE");
  77   1        delay(200);
  78   1        for(i=0;pres[i]!='\0';i++){
  79   2          for(j=0;srolls[j]!='\0';j++){
  80   3            if(pres[i]==srolls[j]){
  81   4              lcd_ini();
  82   4              lcd_line(snames[i]);
  83   4              break;
  84   4            }
  85   3          }
  86   2        }
  87   1      }
  88          
  89          void get_snum(){
  90   1        while(epin<=0){
  91   2        C1=C2=C3=1;
  92   2        R1=R2=R3=R4=0;
  93   2        if(C1==0){
  94   3          row_find1();
  95   3        delay(50);}
  96   2        else if(C2==0){
  97   3          row_find2();
  98   3        delay(50);}
  99   2        else if(C3==0){
 100   3        row_find3();
 101   3        delay(50);}
 102   2      }
 103   1      }
 104          
 105          
 106          
 107          void delay(unsigned int z)
 108          {
 109   1        unsigned int p,q;
 110   1        for(p=0;p<z;p++)    
 111   1        for(q=0;q<1375;q++);   
 112   1      }
 113          
 114          void lcd_cmd(unsigned char a){
C51 COMPILER V9.57.0.0   FINAL_H                                                           03/30/2018 03:31:51 PAGE 3   

 115   1        P2 = a;
 116   1        rs = 0;
 117   1        rw = 0;
 118   1        en = 1;
 119   1        delay(1);
 120   1        en=0;
 121   1      }
 122          
 123          void lcd_data(unsigned char a){
 124   1        
 125   1        P2=a;
 126   1        rs=1;
 127   1        rw=0;
 128   1        en=1;
 129   1        delay(1);
 130   1        en=0;
 131   1        
 132   1      }
 133          
 134          
 135          
 136          void show_att(){
 137   1        lcd_ini();
 138   1        lcd_line("  C H O O S E");
 139   1        delay(100);
 140   1        X:
 141   1        lcd_ini();
 142   1        lcd_line("1) VIEW PRESENTEES");
 143   1        lcd_cmd(0xC0);
 144   1        lcd_line("2) VIEW ABSENTEES");
 145   1        epin=0;
 146   1        get_snum();
 147   1        switch(epin){
 148   2          case 9:
 149   2            main();
 150   2          case 1: 
 151   2            lcd_ini();
 152   2            show_pres();
 153   2            break;
 154   2          case 2:
 155   2            lcd_ini();
 156   2            show_abs();
 157   2            break;
 158   2          default:
 159   2            lcd_ini();
 160   2            lcd_line("Wrong choice");
 161   2            lcd_cmd(0xC0);
 162   2            lcd_line("Try again");
 163   2            delay(150);
 164   2            lcd_ini();
 165   2            lcd_line("PRESS \"0\" FOR");
 166   2            lcd_cmd(0xC0);
 167   2            lcd_line("MARKING ATENDENS");
 168   2            delay(200);
 169   2            goto X;
 170   2        }
 171   1      }
 172          
 173          void get_roll(){
 174   1        while(epin<999){
 175   2        C1=C2=C3=1;
 176   2        R1=R2=R3=R4=0;
C51 COMPILER V9.57.0.0   FINAL_H                                                           03/30/2018 03:31:51 PAGE 4   

 177   2        if(C1==0){
 178   3          row_find1();
 179   3        delay(50);}
 180   2        else if(C2==0){
 181   3          row_find2();
 182   3        delay(50);}
 183   2        else if(C3==0){
 184   3        row_find3();
 185   3        delay(50);}
 186   2      }
 187   1      }
 188          
 189          void row_find1()
 190          {
 191   1        R1=R2=R3=R4=1;
 192   1        C1=C2=C3=0;
 193   1        if(R1==0){
 194   2          lcd_data('1');
 195   2          epin=epin*10 + 1;}
 196   1        else if(R2==0){
 197   2          lcd_data('4');
 198   2          epin=epin*10 + 4;}
 199   1        else if(R3==0){
 200   2          lcd_data('7');
 201   2          epin=epin*10 + 7;}
 202   1        else if(R4==0){
 203   2          lcd_data('*');
 204   2          show_att();
 205   2          
 206   2        }
 207   1        
 208   1      }
 209          
 210          void row_find2()
 211          {
 212   1        R1=R2=R3=R4=1;
 213   1        C1=C2=C3=0;
 214   1        if(R1==0){
 215   2          lcd_data('2');
 216   2          epin=epin*10 + 2;}
 217   1        else if(R2==0){
 218   2          lcd_data('5');
 219   2          epin=epin*10 + 5;}
 220   1        else if(R3==0){
 221   2          lcd_data('8');
 222   2          epin=epin*10 + 8;}
 223   1        else if(R4==0){
 224   2          lcd_data('0');
 225   2          epin=epin*10 + 0;}
 226   1        
 227   1      }
 228          
 229          
 230          
 231          void forgot_pass();
 232          
 233          void row_find3(){
 234   1        R1=R2=R3=R4=1;
 235   1        C1=C2=C3=0;
 236   1        if(R1==0){
 237   2          lcd_data('3');
 238   2          epin=epin*10 + 3;}
C51 COMPILER V9.57.0.0   FINAL_H                                                           03/30/2018 03:31:51 PAGE 5   

 239   1        else if(R2==0){
 240   2          lcd_data('6');
 241   2          epin=epin*10 + 6;}
 242   1        else if(R3==0){
 243   2          lcd_data('9');
 244   2          epin=epin*10 + 9;}
 245   1        else if(R4==0)
 246   1          forgot_pass();
 247   1          
 248   1      }
 249          
 250          void forgot_pass(){         // #
 251   1        lcd_ini();
 252   1        lcd_line("FORGOT PASSWORD ?");
 253   1        lcd_cmd(0xC0);
 254   1        delay(40);
 255   1        lcd_line("Do not worry");
 256   1        lcd_ini();
 257   1        delay(200);
 258   1        lcd_line("BEERA is with");
 259   1        lcd_cmd(0xC0);
 260   1        lcd_line("you");
 261   1        delay(200);
 262   1        lcd_ini();
 263   1        lcd_line("Boys, call Now");
 264   1        delay(200);
 265   1        lcd_ini();
 266   1        lcd_line("BEERA:8919937557");
 267   1        lcd_cmd(0xC0);
 268   1        lcd_line("*GIRLS DONT CALL");
 269   1        delay(500);
 270   1        main();
 271   1      }
 272            
 273          
 274          void lcd_ini(){
 275   1        lcd_cmd(0x38);
 276   1        lcd_cmd(0x01);
 277   1        lcd_cmd(0x06);
 278   1        lcd_cmd(0x0C);
 279   1        lcd_cmd(0x80);
 280   1      } 
 281          
 282          void main(void){
 283   1      
 284   1        w=d=0;
 285   1        lcd_ini();
 286   1        lcd_line("   NAMASTHE   ");
 287   1        delay(400);
 288   1        lcd_ini();
 289   1        lcd_line("PLEASE WAIT");
 290   1        delay(300);
 291   1        lcd_ini();
 292   1        lcd_line("POWERING UP");
 293   1        lcd_cmd(0xC0);
 294   1        lcd_line("ATTENDENS SYSTEM");
 295   1        delay(300);
 296   1        lcd_ini();
 297   1        lcd_line("WELCOME");
 298   1        delay(200);
 299   1        lcd_ini();
 300   1        lcd_line("SECTION: E1602");
C51 COMPILER V9.57.0.0   FINAL_H                                                           03/30/2018 03:31:51 PAGE 6   

 301   1        lcd_cmd(0xC0);
 302   1        lcd_line("GROUP: 2");
 303   1        delay(300);
 304   1        lcd_ini();
 305   1        lcd_line("ENTER YOUR");
 306   1        lcd_cmd(0xC0);
 307   1        lcd_line("PIN NUMBER");
 308   1        delay(200);
 309   1        lcd_ini();
 310   1        lcd_line("PRESS \"#\" when");
 311   1        lcd_cmd(0xC0);
 312   1        lcd_line("DONE");
 313   1        delay(300);
 314   1        lcd_ini();
 315   1        lcd_line("PRESS \"*\" to");
 316   1        lcd_cmd(0xC0);
 317   1        lcd_line("VIEW RECORDS");
 318   1        delay(200);
 319   1        A:
 320   1        k=0;
 321   1        epin=0;
 322   1        lcd_ini();
 323   1        lcd_line("PIN NUMBER:");
 324   1        lcd_cmd(0xC0);
 325   1        get_roll();
 326   1        for(i=0;i<3;i++){
 327   2          if(epin==9999)
 328   2            forgot_pass();
 329   2          if(epin==spins[i])
 330   2          {
 331   3            P1=~srolls[i];
 332   3            delay(3);
 333   3            w=1;
 334   3            lcd_ini();
 335   3            lcd_line("WELCOME");
 336   3            lcd_cmd(0xC0);
 337   3            lcd_line(snames[i]);
 338   3            delay(200);
 339   3            w=0;
 340   3            lcd_ini();
 341   3            lcd_line("Pleaz wait until");
 342   3            lcd_cmd(0xC0);
 343   3            lcd_line("atendens uploads");
 344   3            delay(200);
 345   3            pres[r++]=srolls[i];
 346   3      //      goto A;
 347   3      //      while(d==0);
 348   3            k=60;
 349   3            lcd_ini();
 350   3            lcd_line("DONE");
 351   3            lcd_cmd(0xC0);
 352   3            lcd_line("NEXT PLEASE");
 353   3            delay(100);
 354   3            goto A;
 355   3            }}
 356   1          if(k!=60){
 357   2            lcd_ini();
 358   2            lcd_line("NUMEBR NOT FOUND");
 359   2            lcd_cmd(0xC0);
 360   2            lcd_line("TRY AGAIN");
 361   2            delay(200);
 362   2            goto A;}
C51 COMPILER V9.57.0.0   FINAL_H                                                           03/30/2018 03:31:51 PAGE 7   

 363   1      } 


MODULE INFORMATION:   STATIC OVERLAYABLE
   CODE SIZE        =   1520    ----
   CONSTANT SIZE    =    473    ----
   XDATA SIZE       =   ----    ----
   PDATA SIZE       =   ----    ----
   DATA SIZE        =     90       6
   IDATA SIZE       =   ----    ----
   BIT SIZE         =   ----    ----
END OF MODULE INFORMATION.


C51 COMPILATION COMPLETE.  2 WARNING(S),  0 ERROR(S)
