C51 COMPILER V9.57.0.0   HELL_WORLD                                                        02/17/2018 17:38:22 PAGE 1   


C51 COMPILER V9.57.0.0, COMPILATION OF MODULE HELL_WORLD
OBJECT MODULE PLACED IN .\Objects\hell_world.obj
COMPILER INVOKED BY: C:\Keil_v5\C51\BIN\C51.EXE hell_world.c OPTIMIZE(8,SPEED) BROWSE DEBUG OBJECTEXTEND PRINT(.\Listing
                    -s\hell_world.lst) TABS(2) OBJECT(.\Objects\hell_world.obj)

line level    source

   1          /*------------------------------------------------------------------------------
   2          HELLO.C
   3          
   4          Copyright 1995-2005 Keil Software, Inc.
   5          ------------------------------------------------------------------------------*/
   6          
   7          #include <REG52.H>                /* special function register declarations   */
   8                                            /* for the intended 8051 derivative         */
   9          
  10          #include <stdio.h>                /* prototype declarations for I/O functions */
  11          
  12          
  13          #ifdef MONITOR51                         /* Debugging with Monitor-51 needs   */
              char code reserve [3] _at_ 0x23;         /* space for serial interrupt if     */
              #endif                                   /* Stop Exection with Serial Intr.   */
  16                                                   /* is enabled                        */
  17          
  18          
  19          /*------------------------------------------------
  20          The main C function.  Program execution starts
  21          here after stack initialization.
  22          ------------------------------------------------*/
  23          void main (void) {
  24   1      
  25   1      /*------------------------------------------------
  26   1      Setup the serial port for 1200 baud at 16MHz.
  27   1      ------------------------------------------------*/
  28   1      #ifndef MONITOR51
  29   1          SCON  = 0x50;           /* SCON: mode 1, 8-bit UART, enable rcvr      */
  30   1          TMOD |= 0x20;               /* TMOD: timer 1, mode 2, 8-bit reload        */
  31   1          TH1   = 221;                /* TH1:  reload value for 1200 baud @ 16MHz   */
  32   1          TR1   = 1;                  /* TR1:  timer 1 run                          */
  33   1          TI    = 1;                  /* TI:   set TI to send first char of UART    */
  34   1      #endif
  35   1      
  36   1      /*------------------------------------------------
  37   1      Note that an embedded program never exits (because
  38   1      there is no operating system to return to).  It
  39   1      must loop and execute forever.
  40   1      ------------------------------------------------*/
  41   1        while (1) {
  42   2          P1 ^= 0x01;             /* Toggle P1.0 each time we print */
  43   2          printf ("Hello World\n");   /* Print "Hello World" */
  44   2        }
  45   1      }
  46          


MODULE INFORMATION:   STATIC OVERLAYABLE
   CODE SIZE        =     27    ----
   CONSTANT SIZE    =     13    ----
   XDATA SIZE       =   ----    ----
   PDATA SIZE       =   ----    ----
   DATA SIZE        =   ----    ----
C51 COMPILER V9.57.0.0   HELL_WORLD                                                        02/17/2018 17:38:22 PAGE 2   

   IDATA SIZE       =   ----    ----
   BIT SIZE         =   ----    ----
END OF MODULE INFORMATION.


C51 COMPILATION COMPLETE.  0 WARNING(S),  0 ERROR(S)
