C51 COMPILER V9.57.0.0   INTERNET_TRAFFIC                                                  02/27/2018 12:27:38 PAGE 1   


C51 COMPILER V9.57.0.0, COMPILATION OF MODULE INTERNET_TRAFFIC
OBJECT MODULE PLACED IN .\Objects\internet_traffic.obj
COMPILER INVOKED BY: C:\Keil_v5\C51\BIN\C51.EXE internet_traffic.c OPTIMIZE(8,SPEED) BROWSE DEBUG OBJECTEXTEND PRINT(.\L
                    -istings\internet_traffic.lst) TABS(2) OBJECT(.\Objects\internet_traffic.obj)

line level    source

   1          #include<stdio.h>
   2          #include<reg51.h>
   3          void delay(void);       
   4          void count1(void);    
   5          void count2(void);
   6          sbit NR=P0^0; sbit NY=P0^1; sbit NG=P0^2; sbit NGL=P0^3; //Setting bit for LED's north
   7          sbit ER=P0^4; sbit EY=P0^5; sbit EG=P0^6; sbit EGL=P0^7;   //Setting Bit for LED's South
   8          sbit WER=P1^0; sbit WEY=P1^1; sbit WEG=P1^2; sbit WEGL=P1^3;  //Setting Bit for LED's East
   9          sbit SR=P1^4; sbit SY=P1^5; sbit SG=P1^6; sbit SGL=P1^7; //Setting Bit for LED's West
  10          unsigned char a[10]={0x06,0x5b,0x4f,0x66,0x6d,0x7d,0x07,0x7f,0x6f,0x3f}; //Array for displaying digits on 
             -segment 1,2.......9,0
  11          unsigned char b[7]={0x3f,0x06,0x5b,0x4f,0x66,0x6d,0x7d}; //Array for displaying 0 to 6
  12          unsigned int i,j,s,k;             //Assigning Integers
  13          void main()                        //Main program
  14            {
  15   1           NR=1; NY=1; NG=0; NGL=1;       // I phase forward green for north lights
  16   1           SR=1; SY=1; SG=0; SGL=1;         // forward green for south lights
  17   1           ER=0; EY=1; EG=1; EGL=1;        //Red signal for east
  18   1           WER=0; WEY=1; WEG=1; WEGL=1;   //Red signal for west lights
  19   1            {
  20   2             count1();                            //Calling out subroutine to display digits in 7 segment
  21   2            }
  22   1           NR=1; NY=1; NG=0; NGL=1;     //I phase yellow signal
  23   1           SR=1; SY=1; SG=0; SGL=1;      
  24   1           ER=1; EY=0; EG=1; EGL=1;     
  25   1           WER=1; WEY=0; WEG=1; WEGL=1;
  26   1            {
  27   2             count2();                         //Calling out sub routine for displaying counts for yellow
  28   2            }
  29   1           NR=0; NY=1; NG=1; NGL=1;      //II phase red signal for north lights
  30   1           SR=0; SY=1; SG=1; SGL=1;       
  31   1           ER=1; EY=1; EG=0; EGL=1;     
  32   1           WER=1; WEY=1; WEG=0; WEGL=1;
  33   1            {
  34   2             count1();
  35   2            }
  36   1           NR=1; NY=0; NG=1; NGL=1;     //II phase yellow lights for North and south
  37   1           SR=1; SY=0; SG=1; SGL=1;
  38   1           ER=1; EY=1; EG=0; EGL=1;      
  39   1           WER=1; WEY=1; WEG=0; WEGL=1;
  40   1             {
  41   2             count2();
  42   2             }
  43   1           NR=1; NY=1; NG=1; NGL=0;     //III phase Green left for north and south
  44   1           SR=1; SY=1; SG=1; SGL=0;
  45   1           ER=0; EY=1; EG=1; EGL=1;      
  46   1           WER=0; WEY=1; WEG=1; WEGL=1;
  47   1             {
  48   2             count1();
  49   2             }
  50   1           NR=1; NY=1; NG=1; NGL=0;    //III phase yellow lights
  51   1           SR=1; SY=1; SG=1; SGL=0;
  52   1           ER=1; EY=0; EG=1; EGL=1;     
  53   1           WER=1; WEY=0; WEG=1; WEGL=1;
C51 COMPILER V9.57.0.0   INTERNET_TRAFFIC                                                  02/27/2018 12:27:38 PAGE 2   

  54   1           {
  55   2             count2();
  56   2             }
  57   1           NR=0; NY=1; NG=1; NGL=1;     //IV phase Red signal for North and south
  58   1           SR=0; SY=1; SG=1; SGL=1;
  59   1           ER=1; EY=1; EG=1; EGL=0;      
  60   1           WER=1; WEY=1; WEG=1; WEGL=0;
  61   1           {
  62   2             count1();
  63   2             }
  64   1           NR=1; NY=0; NG=1; NGL=1;      //IV phase Yellow signal for north and south
  65   1           SR=1; SY=0; SG=1; SGL=1;
  66   1           ER=1; EY=1; EG=1; EGL=0;       
  67   1           WER=1; WEY=1; WEG=1; WEGL=0;
  68   1           {
  69   2             count2();
  70   2             }
  71   1           }
  72            void count1(void)     //Sub routine for displaying numbers in segments for red signal
  73              {
  74   1         P3=0x3f;
  75   1          for(j=0;j<=4;)
  76   1            {
  77   2             for(i=0;i<=8;)
  78   2             {
  79   3              P2=a[i];
  80   3              i++;
  81   3              delay();
  82   3              }
  83   2             j++;
  84   2             P3=b[j];
  85   2             P2=0x3f;
  86   2             delay();
  87   2            }
  88   1          }
  89            void count2(void) //Sub routine for displaying numbers in segments for yellow signal
  90              {
  91   1            P3=0x3f;
  92   1            for(i=0;i<=8;)   
  93   1              {
  94   2               P2=a[i];
  95   2               i++;               
  96   2               delay();
  97   2              }
  98   1             P3=0x06;         
  99   1             P2=0x3f;
 100   1             delay();           
 101   1        }
 102            void delay(void)      //Sub routine for creating delay
 103              {
 104   1            for(s=0;s<=230;s++)     //Creating delay using number count
 105   1             {
 106   2               for(k=0;k<238;k++);
 107   2             }
 108   1          }


MODULE INFORMATION:   STATIC OVERLAYABLE
   CODE SIZE        =    415    ----
   CONSTANT SIZE    =   ----    ----
   XDATA SIZE       =   ----    ----
   PDATA SIZE       =   ----    ----
C51 COMPILER V9.57.0.0   INTERNET_TRAFFIC                                                  02/27/2018 12:27:38 PAGE 3   

   DATA SIZE        =     25    ----
   IDATA SIZE       =   ----    ----
   BIT SIZE         =   ----    ----
END OF MODULE INFORMATION.


C51 COMPILATION COMPLETE.  0 WARNING(S),  0 ERROR(S)
