C51 COMPILER V9.03   DELAY                                                                 01/06/2014 23:37:54 PAGE 1   


C51 COMPILER V9.03, COMPILATION OF MODULE DELAY
OBJECT MODULE PLACED IN delay.OBJ
COMPILER INVOKED BY: C:\Keil\C51\BIN\C51.EXE delay.c BROWSE DEBUG OBJECTEXTEND

line level    source

   1          #include<reg51.h>
   2          #include<header.h>
   3          
   4          
   5          
   6          void delay (unsigned char msdelay)
   7          {
   8   1              int x,y;
   9   1              for(x=0;x<msdelay;x++)
  10   1              {
  11   2                      for(y=0;y<127;y++)
  12   2                      {
  13   3                      }
  14   2              }
  15   1      }
  16          


MODULE INFORMATION:   STATIC OVERLAYABLE
   CODE SIZE        =     37    ----
   CONSTANT SIZE    =   ----    ----
   XDATA SIZE       =   ----    ----
   PDATA SIZE       =   ----    ----
   DATA SIZE        =   ----    ----
   IDATA SIZE       =   ----    ----
   BIT SIZE         =   ----    ----
END OF MODULE INFORMATION.


C51 COMPILATION COMPLETE.  0 WARNING(S),  0 ERROR(S)
