C51 COMPILER V9.03   TIMER_INTERRUPT___0                                                   01/10/2014 22:13:54 PAGE 1   


C51 COMPILER V9.03, COMPILATION OF MODULE TIMER_INTERRUPT___0
OBJECT MODULE PLACED IN timer interrupt  _0.OBJ
COMPILER INVOKED BY: C:\Keil\C51\BIN\C51.EXE timer interrupt  _0.c BROWSE DEBUG OBJECTEXTEND

line level    source

   1          #include<reg51.h>
   2          sbit dgt1 = P1^0;  
   3          sbit dgt2 = P1^1;
   4          sbit start= P3^0;
   5          
   6          unsigned int count=0;
   7          unsigned char dgt_1;
   8          unsigned char dgt_2;
   9          unsigned char siven[10]={0x3F,0x06,0x5B,0x4F,0x66,0x6D,0x7D,0x07,0x7F,0x6F};
  10          unsigned int h = 0;
  11          
  12          volatile unsigned char digits[2];
  13          void delay (unsigned char msdelay)
  14          {
  15   1              int x,y;
  16   1              for(x=0;x<msdelay;x++)
  17   1              {
  18   2                      for(y=0;y<127;y++)
  19   2                      {
  20   3                      }
  21   2              }
  22   1      }
  23          void main (void)
  24          {
  25   1      
  26   1              TMOD=0X01;
  27   1              TH0=0XF0;
  28   1              TL0=0x00;
  29   1              TR0=1;
  30   1              EA=1;                    
  31   1              ET0=1;
  32   1          P2 = 0xff;
  33   1          P1 = 0xff;
  34   1              while(1)
  35   1              {
  36   2          for(h=0;h<10;h++)
  37   2          {  
  38   3              count++;
  39   3             //  P2 = siven[h];
  40   3               delay(1000);
  41   3          }
  42   2      //         if(start == 0)
  43   2      //         {
  44   2      //             delay(200);
  45   2      //             while(start == 0) ;
  46   2      //             count++;
  47   2      //         }
  48   2          }
  49   1      }
  50          
  51          void timer0_isr () interrupt 1
  52          {
  53   1          digits[0] = count/10;   // tenth 
  54   1          digits[1] = count%10;   // unit 
  55   1          dgt1=0;                 // tenth off
C51 COMPILER V9.03   TIMER_INTERRUPT___0                                                   01/10/2014 22:13:54 PAGE 2   

  56   1              dgt2=0;                 // unit off
  57   1          P1 =(((1<<h)));      // h=0 tenth on h=1 unit on 
  58   1          P2 = siven[digits[h]]; // h=0 display tenth h=1 display unit
  59   1      
  60   1          if(h==1)    //if last than come to first
  61   1          h=0;
  62   1          else
  63   1          h++;        //4.44ms int
  64   1          TF0=0;
  65   1              TH0=0XF0;
  66   1              TL0=0xf0;
  67   1                      
  68   1      }


MODULE INFORMATION:   STATIC OVERLAYABLE
   CODE SIZE        =    217    ----
   CONSTANT SIZE    =   ----    ----
   XDATA SIZE       =   ----    ----
   PDATA SIZE       =   ----    ----
   DATA SIZE        =     18    ----
   IDATA SIZE       =   ----    ----
   BIT SIZE         =   ----    ----
END OF MODULE INFORMATION.


C51 COMPILATION COMPLETE.  0 WARNING(S),  0 ERROR(S)
