C51 COMPILER V9.57.0.0   PRACTICE                                                          03/01/2018 20:16:07 PAGE 1   


C51 COMPILER V9.57.0.0, COMPILATION OF MODULE PRACTICE
OBJECT MODULE PLACED IN .\Objects\practice.obj
COMPILER INVOKED BY: C:\Keil_v5\C51\BIN\C51.EXE practice.c OPTIMIZE(8,SPEED) BROWSE DEBUG OBJECTEXTEND PRINT(.\Listings\
                    -practice.lst) TABS(2) OBJECT(.\Objects\practice.obj)

line level    source

   1          #include<reg51.h>
   2          void delay(unsigned int time){
   3   1        unsigned char i,j;
   4   1        for(i=0;i<time;i++)
   5   1        for(j=0;j<1275;j++);}
   6          void main(void){
   7   1        P0= 0x35 & 0x0F;
   8   1        delay(100);
   9   1      }


MODULE INFORMATION:   STATIC OVERLAYABLE
   CODE SIZE        =     38    ----
   CONSTANT SIZE    =   ----    ----
   XDATA SIZE       =   ----    ----
   PDATA SIZE       =   ----    ----
   DATA SIZE        =   ----    ----
   IDATA SIZE       =   ----    ----
   BIT SIZE         =   ----    ----
END OF MODULE INFORMATION.


C51 COMPILATION COMPLETE.  0 WARNING(S),  0 ERROR(S)
