C51 COMPILER V9.03   LED_BINARY                                                            10/01/2013 01:42:10 PAGE 1   


C51 COMPILER V9.03, COMPILATION OF MODULE LED_BINARY
OBJECT MODULE PLACED IN LED_binary.OBJ
COMPILER INVOKED BY: C:\Keil\C51\BIN\C51.EXE LED_binary.c BROWSE DEBUG OBJECTEXTEND

line level    source

   1          #include<AT89X52.h>  // 256byte RAM ,8K flash
   2          
   3          void delay_ms(unsigned int ms);  //delay function to generate delay of ms second
   4          void main()
   5          {
   6   1          
   7   1          while(1) //Infinity loop
   8   1          {
   9   2               unsigned char Binary;
  10   2              for(Binary = 0 ; Binary <=255 ; Binary++)
  11   2              {
  12   3                  //P2 = Binary;                    //For Comman cathod
  13   3                  P2 = ~Binary;                    //For Comman anode
  14   3                  delay_ms(500);                 //delay for ~1 sec
  15   3              }
  16   2          }
  17   1      }
  18          void delay_ms(unsigned int ms)
  19          {
  20   1          unsigned int i,j;
  21   1          for(i=0;i<ms;i++)
  22   1              for(j=0;j<127;j++);
  23   1          
  24   1      }


MODULE INFORMATION:   STATIC OVERLAYABLE
   CODE SIZE        =     58    ----
   CONSTANT SIZE    =   ----    ----
   XDATA SIZE       =   ----    ----
   PDATA SIZE       =   ----    ----
   DATA SIZE        =   ----       1
   IDATA SIZE       =   ----    ----
   BIT SIZE         =   ----    ----
END OF MODULE INFORMATION.


C51 COMPILATION COMPLETE.  0 WARNING(S),  0 ERROR(S)
